<?xml version="1.0" encoding="UTF-8"?>
<testsuite name="users.ManagementTest" tests="1" skipped="0" failures="0" errors="0" timestamp="2024-09-04T22:02:12" hostname="DESKTOP-Q2C86AQ" time="8.342">
  <properties/>
  <testcase name="testParallel()" classname="users.ManagementTest" time="8.342"/>
  <system-out><![CDATA[17:02:14.792 [Test worker] INFO  com.intuit.karate.Suite - backed up existing 'build\karate-reports' dir to: build\karate-reports_1725487334788
17:02:14.851 [Test worker] DEBUG com.intuit.karate.Suite - waiting for 5 features to complete
17:02:17.610 [pool-1-thread-1] INFO  c.intuit.karate.core.FeatureRuntime - classpath:users/delete/../post/user_post_snippets.feature - call by tag at line 5: Create
17:02:18.141 [pool-1-thread-3] DEBUG com.intuit.karate - request:
1 > GET http://localhost:3000/productos/
1 > Host: localhost:3000
1 > Connection: Keep-Alive
1 > User-Agent: Apache-HttpClient/4.5.13 (Java/1.8.0_231)
1 > Accept-Encoding: gzip,deflate


17:02:18.141 [pool-1-thread-2] DEBUG com.intuit.karate - request:
1 > GET http://localhost:3000/productos/66d88738bf26ac1e37ecd659
1 > Host: localhost:3000
1 > Connection: Keep-Alive
1 > User-Agent: Apache-HttpClient/4.5.13 (Java/1.8.0_231)
1 > Accept-Encoding: gzip,deflate


17:02:18.142 [pool-1-thread-1] DEBUG com.intuit.karate - request:
1 > POST http://localhost:3000/productos
1 > Content-Type: application/json; charset=UTF-8
1 > Content-Length: 50
1 > Host: localhost:3000
1 > Connection: Keep-Alive
1 > User-Agent: Apache-HttpClient/4.5.13 (Java/1.8.0_231)
1 > Accept-Encoding: gzip,deflate
{"nombre":"tomate","precio":"1233","cantidad":"3"}

17:02:18.142 [pool-1-thread-4] DEBUG com.intuit.karate - request:
1 > POST http://localhost:3000/productos
1 > Content-Type: application/json; charset=UTF-8
1 > Content-Length: 50
1 > Host: localhost:3000
1 > Connection: Keep-Alive
1 > User-Agent: Apache-HttpClient/4.5.13 (Java/1.8.0_231)
1 > Accept-Encoding: gzip,deflate
{"nombre":"tomate","precio":"1233","cantidad":"3"}

17:02:18.192 [pool-1-thread-2] DEBUG com.intuit.karate - response time in milliseconds: 47
1 < 200
1 < X-Powered-By: Express
1 < Content-Type: application/json; charset=utf-8
1 < Content-Length: 85
1 < ETag: W/"55-yR4v4R3CuCl9ASauGZAPpMLkIlg"
1 < Date: Wed, 04 Sep 2024 22:02:18 GMT
1 < Connection: keep-alive
1 < Keep-Alive: timeout=5
{"_id":"66d88738bf26ac1e37ecd659","nombre":"Carlos","precio":24,"cantidad":2,"__v":0}

17:02:18.192 [pool-1-thread-4] DEBUG com.intuit.karate - response time in milliseconds: 47
1 < 201
1 < X-Powered-By: Express
1 < Content-Type: application/json; charset=utf-8
1 < Content-Length: 87
1 < ETag: W/"57-nNR0Sx+d/FZxo3ntg72j6kanJm0"
1 < Date: Wed, 04 Sep 2024 22:02:18 GMT
1 < Connection: keep-alive
1 < Keep-Alive: timeout=5
{"nombre":"tomate","precio":1233,"cantidad":3,"_id":"66d8d8ea586fd6b80dec26ae","__v":0}

17:02:18.192 [pool-1-thread-1] DEBUG com.intuit.karate - response time in milliseconds: 47
1 < 201
1 < X-Powered-By: Express
1 < Content-Type: application/json; charset=utf-8
1 < Content-Length: 87
1 < ETag: W/"57-dR0qBYQfL3dhajC2kc/TPy3UbDg"
1 < Date: Wed, 04 Sep 2024 22:02:18 GMT
1 < Connection: keep-alive
1 < Keep-Alive: timeout=5
{"nombre":"tomate","precio":1233,"cantidad":3,"_id":"66d8d8ea586fd6b80dec26b0","__v":0}

17:02:18.203 [pool-1-thread-3] DEBUG com.intuit.karate - response time in milliseconds: 61
1 < 200
1 < X-Powered-By: Express
1 < Content-Type: application/json; charset=utf-8
1 < Content-Length: 16754
1 < ETag: W/"4172-D7OqubaSae+ycvrdjf3z3eyA7Wo"
1 < Date: Wed, 04 Sep 2024 22:02:18 GMT
1 < Connection: keep-alive
1 < Keep-Alive: timeout=5
[{"_id":"66d88727e66d2e4d6c8ba415","nombre":"Carlos Actualizado","precio":30,"cantidad":5,"__v":0},{"_id":"66d88738bf26ac1e37ecd659","nombre":"Carlos","precio":24,"cantidad":2,"__v":0},{"_id":"66d88753790b214ad5c76bd3","nombre":"Carlos","precio":24,"cantidad":2,"__v":0},{"_id":"66d887b33501170478e56d18","nombre":"Carlos","precio":24,"cantidad":2,"__v":0},{"_id":"66d887d4d888499ec9d74605","nombre":"Carlos","precio":24,"cantidad":2,"__v":0},{"_id":"66d8888d2a12b06e8e476697","nombre":"Carlos","precio":24,"cantidad":2,"__v":0},{"_id":"66d8890300cad0bf51f30d02","nombre":"Carlos","precio":24,"cantidad":2,"__v":0},{"_id":"66d8891d85e69fe5d6739d16","nombre":"Carlos","precio":24,"cantidad":2,"__v":0},{"_id":"66d88a0cca28491fcaaf7fb8","nombre":"Carlos","precio":24,"cantidad":2,"__v":0},{"_id":"66d88a0cca28491fcaaf7fbc","nombre":"Carlos para eliminar","precio":24,"cantidad":2,"__v":0},{"_id":"66d88a9b230229733180eb74","nombre":"Carlos","precio":24,"cantidad":2,"__v":0},{"_id":"66d88b4f8d822bdac677b9eb","nombre":"Carlos","precio":24,"cantidad":2,"__v":0},{"_id":"66d88b751a8bd69e7b84a8fb","nombre":"Carlos Actualizado","precio":30,"cantidad":5,"__v":0},{"_id":"66d88b751a8bd69e7b84a8fd","nombre":"Carlos","precio":24,"cantidad":2,"__v":0},{"_id":"66d88bc766c9a305127f3572","nombre":"Carlos","precio":24,"cantidad":2,"__v":0},{"_id":"66d88bd6239d523a58684943","nombre":"Carlos","precio":24,"cantidad":2,"__v":0},{"_id":"66d88bf53f9924adffbf9ca8","nombre":"Carlos","precio":24,"cantidad":2,"__v":0},{"_id":"66d88c1ddba547b284764354","nombre":"Carlos","precio":24,"cantidad":2,"__v":0},{"_id":"66d88c629d08f2bead6a8a2e","nombre":"Carlos","precio":24,"cantidad":2,"__v":0},{"_id":"66d88c8852642965f0ecb002","nombre":"Carlos","precio":24,"cantidad":2,"__v":0},{"_id":"66d88cc484cff856c094437f","nombre":"Carlos","precio":24,"cantidad":2,"__v":0},{"_id":"66d88d459be1269ae64a5bcf","nombre":"Carlos","precio":24,"cantidad":2,"__v":0},{"_id":"66d88d459be1269ae64a5bd3","nombre":"Carlos para eliminar","precio":24,"cantidad":2,"__v":0},{"_id":"66d88d6791e0139655e67171","nombre":"Carlos","precio":24,"cantidad":2,"__v":0},{"_id":"66d88d6791e0139655e67175","nombre":"Carlos para eliminar","precio":24,"cantidad":2,"__v":0},{"_id":"66d88d98bd187b21085c3cf6","nombre":"Carlos","precio":24,"cantidad":2,"__v":0},{"_id":"66d88d98bd187b21085c3cfa","nombre":"Carlos para eliminar","precio":24,"cantidad":2,"__v":0},{"_id":"66d88daaa7ad30611b2b7012","nombre":"Carlos","precio":24,"cantidad":2,"__v":0},{"_id":"66d890333f660b84a21da1d2","nombre":"Producto Prueba","precio":24,"cantidad":2,"__v":0},{"_id":"66d890333f660b84a21da1d4","nombre":"Producto de Prueba","precio":10,"cantidad":5,"__v":0},{"_id":"66d891e513d003a68ee983a8","nombre":"Producto Prueba","precio":24,"cantidad":2,"__v":0},{"_id":"66d891e513d003a68ee983aa","nombre":"Producto de Prueba","precio":10,"cantidad":5,"__v":0},{"_id":"66d891e513d003a68ee983ad","nombre":"Producto Actualizado","precio":30,"cantidad":5,"__v":0},{"_id":"66d89260743f865598e3a9b9","nombre":"Producto Prueba","precio":24,"cantidad":2,"__v":0},{"_id":"66d89260743f865598e3a9bb","nombre":"Producto de Prueba","precio":10,"cantidad":5,"__v":0},{"_id":"66d89260743f865598e3a9be","nombre":"Producto actualizado","precio":30,"cantidad":5,"__v":0},{"_id":"66d892c4cd76fbfbfff9d1d9","nombre":"Producto Prueba","precio":24,"cantidad":2,"__v":0},{"_id":"66d892c4cd76fbfbfff9d1db","nombre":"Producto de Prueba","precio":10,"cantidad":5,"__v":0},{"_id":"66d892c4cd76fbfbfff9d1de","nombre":"Producto actualizado","precio":30,"cantidad":5,"__v":0},{"_id":"66d89310dabf50a989c098cf","nombre":"Producto Prueba","precio":24,"cantidad":2,"__v":0},{"_id":"66d89310dabf50a989c098d1","nombre":"Producto de Prueba","precio":10,"cantidad":5,"__v":0},{"_id":"66d89310dabf50a989c098d4","nombre":"Producto actualizado","precio":30,"cantidad":5,"__v":0},{"_id":"66d893204bfdd837c5875afc","nombre":"Producto Prueba","precio":24,"cantidad":2,"__v":0},{"_id":"66d893204bfdd837c5875afe","nombre":"Producto de Prueba","precio":10,"cantidad":5,"__v":0},{"_id":"66d893204bfdd837c5875b01","nombre":"Producto actualizado","precio":30,"cantidad":5,"__v":0},{"_id":"66d8933128911fd03be477da","nombre":"Producto Prueba","precio":24,"cantidad":2,"__v":0},{"_id":"66d8933128911fd03be477dc","nombre":"Producto de Prueba","precio":10,"cantidad":5,"__v":0},{"_id":"66d8933128911fd03be477df","nombre":"Producto actualizado","precio":30,"cantidad":5,"__v":0},{"_id":"66d893416169bef01f40c578","nombre":"Producto Prueba","precio":24,"cantidad":2,"__v":0},{"_id":"66d893416169bef01f40c57a","nombre":"Producto de Prueba","precio":10,"cantidad":5,"__v":0},{"_id":"66d893416169bef01f40c57d","nombre":"Producto actualizado","precio":30,"cantidad":5,"__v":0},{"_id":"66d893759b71cd3aca443945","nombre":"Producto Prueba","precio":24,"cantidad":2,"__v":0},{"_id":"66d893759b71cd3aca443947","nombre":"Producto de Prueba","precio":10,"cantidad":5,"__v":0},{"_id":"66d893759b71cd3aca44394a","nombre":"Producto actualizado","precio":30,"cantidad":5,"__v":0},{"_id":"66d893bcb42e554cd4650fbf","nombre":"Producto Prueba","precio":24,"cantidad":2,"__v":0},{"_id":"66d893bcb42e554cd4650fc1","nombre":"Producto de Prueba","precio":10,"cantidad":5,"__v":0},{"_id":"66d893bcb42e554cd4650fc4","nombre":"Producto actualizado","precio":30,"cantidad":5,"__v":0},{"_id":"66d893cb27be4370ea8fc896","nombre":"Producto Prueba","precio":24,"cantidad":2,"__v":0},{"_id":"66d893cb27be4370ea8fc898","nombre":"Producto de Prueba","precio":10,"cantidad":5,"__v":0},{"_id":"66d893cb27be4370ea8fc89b","nombre":"Producto actualizado","precio":30,"cantidad":5,"__v":0},{"_id":"66d893f3b4bc47c67e49edff","nombre":"Producto Prueba","precio":24,"cantidad":2,"__v":0},{"_id":"66d893f3b4bc47c67e49ee01","nombre":"Producto de Prueba","precio":10,"cantidad":5,"__v":0},{"_id":"66d893f3b4bc47c67e49ee04","nombre":"Producto actualizado","precio":30,"cantidad":5,"__v":0},{"_id":"66d894287f46ddb4ed3add0c","nombre":"Producto Prueba","precio":24,"cantidad":2,"__v":0},{"_id":"66d894287f46ddb4ed3add0e","nombre":"Producto de Prueba","precio":10,"cantidad":5,"__v":0},{"_id":"66d894287f46ddb4ed3add11","nombre":"Producto actualizado","precio":30,"cantidad":5,"__v":0},{"_id":"66d894750d88a64def25bf98","nombre":"Producto Prueba","precio":24,"cantidad":2,"__v":0},{"_id":"66d894750d88a64def25bf9a","nombre":"Producto de Prueba","precio":10,"cantidad":5,"__v":0},{"_id":"66d894750d88a64def25bf9d","nombre":"Producto actualizado","precio":30,"cantidad":5,"__v":0},{"_id":"66d89a713745f7479ff753cd"},{"_id":"66d89afc3745f7479ff753d1","nombre":"Producto de Prueba 1","precio":10,"cantidad":5},{"_id":"66d89afc3745f7479ff753d2","nombre":"Producto de Prueba 2","precio":20,"cantidad":10},{"_id":"66d89afc3745f7479ff753d3","nombre":"Producto de Prueba 3","precio":30,"cantidad":15},{"_id":"66d89afc3745f7479ff753d4","nombre":"Producto de Prueba 4","precio":40,"cantidad":20},{"_id":"66d89afc3745f7479ff753d5","nombre":"Producto de Prueba 5","precio":50,"cantidad":25},{"_id":"66d89afc3745f7479ff753d6","nombre":"Producto de Prueba 6","precio":60,"cantidad":30},{"_id":"66d89afc3745f7479ff753d7","nombre":"Producto de Prueba 7","precio":70,"cantidad":35},{"_id":"66d89afc3745f7479ff753d8","nombre":"Producto de Prueba 8","precio":80,"cantidad":40},{"_id":"66d89afc3745f7479ff753d9","nombre":"Producto de Prueba 9","precio":90,"cantidad":45},{"_id":"66d89afc3745f7479ff753da","nombre":"Producto de Prueba 10","precio":100,"cantidad":50},{"_id":"66d89afc3745f7479ff753db","nombre":"Producto de Prueba 11","precio":110,"cantidad":55},{"_id":"66d89afc3745f7479ff753dc","nombre":"Producto de Prueba 12","precio":120,"cantidad":60},{"_id":"66d89afc3745f7479ff753dd","nombre":"Producto de Prueba 13","precio":130,"cantidad":65},{"_id":"66d89afc3745f7479ff753de","nombre":"Producto de Prueba 14","precio":140,"cantidad":70},{"_id":"66d89afc3745f7479ff753df","nombre":"Producto de Prueba 15","precio":150,"cantidad":75},{"_id":"66d89afc3745f7479ff753e0","nombre":"Producto de Prueba 16","precio":160,"cantidad":80},{"_id":"66d89afc3745f7479ff753e1","nombre":"Producto de Prueba 17","precio":170,"cantidad":85},{"_id":"66d89afc3745f7479ff753e2","nombre":"Producto de Prueba 18","precio":180,"cantidad":90},{"_id":"66d89afc3745f7479ff753e3","nombre":"Producto de Prueba 19","precio":190,"cantidad":95},{"_id":"66d89afc3745f7479ff753e4","nombre":"Producto de Prueba 20","precio":200,"cantidad":100},{"_id":"66d89afc3745f7479ff753e5","nombre":"Producto de Prueba 21","precio":210,"cantidad":105},{"_id":"66d89afc3745f7479ff753e6","nombre":"Producto de Prueba 22","precio":220,"cantidad":110},{"_id":"66d89afc3745f7479ff753e7","nombre":"Producto de Prueba 23","precio":230,"cantidad":115},{"_id":"66d89afc3745f7479ff753e8","nombre":"Producto de Prueba 24","precio":240,"cantidad":120},{"_id":"66d89afc3745f7479ff753e9","nombre":"Producto de Prueba 25","precio":250,"cantidad":125},{"_id":"66d89afc3745f7479ff753ea","nombre":"Producto de Prueba 26","precio":260,"cantidad":130},{"_id":"66d89afc3745f7479ff753eb","nombre":"Producto de Prueba 27","precio":270,"cantidad":135},{"_id":"66d89afc3745f7479ff753ec","nombre":"Producto de Prueba 28","precio":280,"cantidad":140},{"_id":"66d89afc3745f7479ff753ed","nombre":"Producto de Prueba 29","precio":290,"cantidad":145},{"_id":"66d89afc3745f7479ff753ee","nombre":"Producto de Prueba 30","precio":300,"cantidad":150},{"_id":"66d89afc3745f7479ff753ef","nombre":"Producto de Prueba 31","precio":310,"cantidad":155},{"_id":"66d89afc3745f7479ff753f0","nombre":"Producto de Prueba 32","precio":320,"cantidad":160},{"_id":"66d89afc3745f7479ff753f1","nombre":"Producto de Prueba 33","precio":330,"cantidad":165},{"_id":"66d89afc3745f7479ff753f2","nombre":"Producto de Prueba 34","precio":340,"cantidad":170},{"_id":"66d89afc3745f7479ff753f3","nombre":"Producto de Prueba 35","precio":350,"cantidad":175},{"_id":"66d89afc3745f7479ff753f4","nombre":"Producto de Prueba 36","precio":360,"cantidad":180},{"_id":"66d89afc3745f7479ff753f5","nombre":"Producto de Prueba 37","precio":370,"cantidad":185},{"_id":"66d89afc3745f7479ff753f6","nombre":"Producto de Prueba 38","precio":380,"cantidad":190},{"_id":"66d89afc3745f7479ff753f7","nombre":"Producto de Prueba 39","precio":390,"cantidad":195},{"_id":"66d89afc3745f7479ff753f8","nombre":"Producto de Prueba 40","precio":400,"cantidad":200},{"_id":"66d89afc3745f7479ff753f9","nombre":"Producto de Prueba 41","precio":410,"cantidad":205},{"_id":"66d89afc3745f7479ff753fa","nombre":"Producto de Prueba 42","precio":420,"cantidad":210},{"_id":"66d89afc3745f7479ff753fb","nombre":"Producto de Prueba 43","precio":430,"cantidad":215},{"_id":"66d89afc3745f7479ff753fc","nombre":"Producto de Prueba 44","precio":440,"cantidad":220},{"_id":"66d89afc3745f7479ff753fd","nombre":"Producto de Prueba 45","precio":450,"cantidad":225},{"_id":"66d89afc3745f7479ff753fe","nombre":"Producto de Prueba 46","precio":460,"cantidad":230},{"_id":"66d89afc3745f7479ff753ff","nombre":"Producto de Prueba 47","precio":470,"cantidad":235},{"_id":"66d89afc3745f7479ff75400","nombre":"Producto de Prueba 48","precio":480,"cantidad":240},{"_id":"66d89afc3745f7479ff75401","nombre":"Producto de Prueba 49","precio":490,"cantidad":245},{"_id":"66d89afc3745f7479ff75402","nombre":"Producto de Prueba 50","precio":500,"cantidad":250},{"_id":"66d8a31a0d88a64def25bfaf","nombre":"platano","precio":12,"cantidad":8,"__v":0},{"_id":"66d8a5d00d88a64def25bfb1","nombre":"platano","precio":12,"cantidad":8,"__v":0},{"_id":"66d8a6d60d88a64def25bfb3","nombre":"platano","precio":12,"cantidad":8,"__v":0},{"_id":"66d8a79c0d88a64def25bfb5","nombre":"tomate","precio":1233,"cantidad":3,"__v":0},{"_id":"66d8a8be0d88a64def25bfb7","nombre":"tomate","precio":1233,"cantidad":3,"__v":0},{"_id":"66d8a8d10d88a64def25bfb9","nombre":"tomate","precio":1233,"cantidad":3,"__v":0},{"_id":"66d8a9a70d88a64def25bfbc","nombre":"tomate","precio":22,"cantidad":2,"__v":0},{"_id":"66d8a9a70d88a64def25bfc0","nombre":"ajo","precio":22,"cantidad":2,"__v":0},{"_id":"66d8aa040d88a64def25bfc2","nombre":"tomate","precio":1233,"cantidad":3,"__v":0},{"_id":"66d8aa4c0d88a64def25bfc4","nombre":"tomate","precio":1233,"cantidad":3,"__v":0},{"_id":"66d8aad70d88a64def25bfc6","nombre":"tomate","precio":1233,"cantidad":3,"__v":0},{"_id":"66d8ac020d88a64def25bfd5","nombre":"tomate actualizado","precio":1233,"cantidad":3,"__v":0},{"_id":"66d8ac480d88a64def25bfdd","nombre":"tomate","precio":22,"cantidad":2,"__v":0},{"_id":"66d8ac480d88a64def25bfdf","nombre":"tomate","precio":1233,"cantidad":3,"__v":0},{"_id":"66d8ac480d88a64def25bfe1","nombre":"cebolla","precio":22,"cantidad":2,"__v":0},{"_id":"66d8ac480d88a64def25bfe3","nombre":"ajo","precio":22,"cantidad":2,"__v":0},{"_id":"66d8ac480d88a64def25bfe5","nombre":"tomate actualizado","precio":1233,"cantidad":3,"__v":0},{"_id":"66d8ac720d88a64def25bfe9","nombre":"tomate","precio":22,"cantidad":2,"__v":0},{"_id":"66d8ac720d88a64def25bfeb","nombre":"cebolla","precio":22,"cantidad":2,"__v":0},{"_id":"66d8ae430d88a64def25bff4","nombre":"tomate","precio":1233,"cantidad":3,"__v":0},{"_id":"66d8ae430d88a64def25bff7","nombre":"tomate","precio":22,"cantidad":2,"__v":0},{"_id":"66d8ae430d88a64def25bff9","nombre":"cebolla","precio":22,"cantidad":2,"__v":0},{"_id":"66d8ae430d88a64def25bffb","nombre":"ajo","precio":22,"cantidad":2,"__v":0},{"_id":"66d8ae430d88a64def25bffd","nombre":"tomate actualizado","precio":1233,"cantidad":3,"__v":0},{"_id":"66d8af020d88a64def25c006","nombre":"tomate","precio":1233,"cantidad":3,"__v":0},{"_id":"66d8af020d88a64def25c008","nombre":"tomate","precio":22,"cantidad":2,"__v":0},{"_id":"66d8af020d88a64def25c00d","nombre":"ajo","precio":22,"cantidad":2,"__v":0},{"_id":"66d8af020d88a64def25c00f","nombre":"tomate actualizado","precio":1233,"cantidad":3,"__v":0},{"_id":"66d8af6b0d88a64def25c019","nombre":"tomate","precio":1233,"cantidad":3,"__v":0},{"_id":"66d8af6b0d88a64def25c01b","nombre":"tomate","precio":22,"cantidad":2,"__v":0},{"_id":"66d8af6b0d88a64def25c01e","nombre":"ajo","precio":22,"cantidad":2,"__v":0},{"_id":"66d8af6b0d88a64def25c020","nombre":"cebolla","precio":22,"cantidad":2,"__v":0},{"_id":"66d8af6b0d88a64def25c022","nombre":"tomate actualizado","precio":1233,"cantidad":3,"__v":0},{"_id":"66d8afbd0d88a64def25c02a","nombre":"tomate","precio":1233,"cantidad":3,"__v":0},{"_id":"66d8afbd0d88a64def25c02d","nombre":"tomate","precio":22,"cantidad":2,"__v":0},{"_id":"66d8afbd0d88a64def25c02f","nombre":"ajo","precio":22,"cantidad":2,"__v":0},{"_id":"66d8afbd0d88a64def25c031","nombre":"cebolla","precio":22,"cantidad":2,"__v":0},{"_id":"66d8afbd0d88a64def25c033","nombre":"tomate actualizado","precio":1233,"cantidad":3,"__v":0},{"_id":"66d8b0fe0d88a64def25c03e","nombre":"tomate","precio":1233,"cantidad":3,"__v":0},{"_id":"66d8b0ff0d88a64def25c041","nombre":"tomate","precio":22,"cantidad":2,"__v":0},{"_id":"66d8b0ff0d88a64def25c043","nombre":"cebolla","precio":22,"cantidad":2,"__v":0},{"_id":"66d8b0ff0d88a64def25c045","nombre":"ajo","precio":22,"cantidad":2,"__v":0},{"_id":"66d8b0ff0d88a64def25c047","nombre":"tomate actualizado","precio":1233,"cantidad":3,"__v":0},{"_id":"66d8b19e0d88a64def25c04f","nombre":"tomate","precio":1233,"cantidad":3,"__v":0},{"_id":"66d8b19e0d88a64def25c053","nombre":"tomate","precio":22,"cantidad":2,"__v":0},{"_id":"66d8b19e0d88a64def25c055","nombre":"ajo","precio":22,"cantidad":2,"__v":0},{"_id":"66d8b19e0d88a64def25c057","nombre":"cebolla","precio":22,"cantidad":2,"__v":0},{"_id":"66d8b19e0d88a64def25c05a","nombre":"tomate actualizado","precio":1233,"cantidad":3,"__v":0},{"_id":"66d8b39f586fd6b80dec2672","nombre":"Producto de Prueba","precio":10,"cantidad":5,"__v":0},{"_id":"66d8b39f586fd6b80dec2670","nombre":"Producto Prueba","precio":24,"cantidad":2,"__v":0},{"_id":"66d8b39f586fd6b80dec2675","nombre":"Producto actualizado","precio":30,"cantidad":5,"__v":0},{"_id":"66d8c568586fd6b80dec267d","nombre":"Producto de Prueba ","precio":100,"cantidad":10,"__v":0},{"_id":"66d8c59b586fd6b80dec267f","nombre":"Producto de Prueba","precio":100,"cantidad":10,"__v":0},{"_id":"66d8c6a5586fd6b80dec2681","nombre":"Producto de Prueba","precio":100,"cantidad":10,"__v":0},{"_id":"66d8d87b586fd6b80dec269c","nombre":"tomate","precio":1233,"cantidad":3,"__v":0},{"_id":"66d8d87c586fd6b80dec26a2","nombre":"tomate","precio":22,"cantidad":2,"__v":0},{"_id":"66d8d87c586fd6b80dec26a4","nombre":"cebolla","precio":22,"cantidad":2,"__v":0},{"_id":"66d8d87c586fd6b80dec26a6","nombre":"ajo","precio":22,"cantidad":2,"__v":0},{"_id":"66d8d87c586fd6b80dec26a8","nombre":"tomate actualizado","precio":1233,"cantidad":3,"__v":0},{"_id":"66d8d8ea586fd6b80dec26ae","nombre":"tomate","precio":1233,"cantidad":3,"__v":0},{"_id":"66d8d8ea586fd6b80dec26b0","nombre":"tomate","precio":1233,"cantidad":3,"__v":0}]

17:02:18.223 [pool-1-thread-4] DEBUG com.intuit.karate - request:
1 > POST http://localhost:3000/productos
1 > Content-Type: application/json; charset=UTF-8
1 > Content-Length: 48
1 > Host: localhost:3000
1 > Connection: Keep-Alive
1 > User-Agent: Apache-HttpClient/4.5.13 (Java/1.8.0_231)
1 > Accept-Encoding: gzip,deflate
{"nombre":"tomate","precio":"22","cantidad":"2"}

17:02:18.226 [pool-1-thread-2] DEBUG com.intuit.karate - request:
1 > POST http://localhost:3000/productos
1 > Content-Type: application/json; charset=UTF-8
1 > Content-Length: 49
1 > Host: localhost:3000
1 > Connection: Keep-Alive
1 > User-Agent: Apache-HttpClient/4.5.13 (Java/1.8.0_231)
1 > Accept-Encoding: gzip,deflate
{"nombre":"cebolla","precio":"22","cantidad":"2"}

17:02:18.226 [pool-1-thread-3] DEBUG com.intuit.karate - request:
1 > POST http://localhost:3000/productos
1 > Content-Type: application/json; charset=UTF-8
1 > Content-Length: 45
1 > Host: localhost:3000
1 > Connection: Keep-Alive
1 > User-Agent: Apache-HttpClient/4.5.13 (Java/1.8.0_231)
1 > Accept-Encoding: gzip,deflate
{"nombre":"ajo","precio":"22","cantidad":"2"}

17:02:18.249 [pool-1-thread-1] DEBUG com.intuit.karate - request:
1 > DELETE http://localhost:3000/productos/66d8d8ea586fd6b80dec26b0
1 > Host: localhost:3000
1 > Connection: Keep-Alive
1 > User-Agent: Apache-HttpClient/4.5.13 (Java/1.8.0_231)
1 > Accept-Encoding: gzip,deflate


17:02:18.249 [pool-1-thread-4] DEBUG com.intuit.karate - response time in milliseconds: 25
1 < 201
1 < X-Powered-By: Express
1 < Content-Type: application/json; charset=utf-8
1 < Content-Length: 85
1 < ETag: W/"55-nMzV/03mciBnG30GtPPSxlI+6y0"
1 < Date: Wed, 04 Sep 2024 22:02:18 GMT
1 < Connection: keep-alive
1 < Keep-Alive: timeout=5
{"nombre":"tomate","precio":22,"cantidad":2,"_id":"66d8d8ea586fd6b80dec26b2","__v":0}

17:02:18.249 [pool-1-thread-2] DEBUG com.intuit.karate - response time in milliseconds: 22
1 < 201
1 < X-Powered-By: Express
1 < Content-Type: application/json; charset=utf-8
1 < Content-Length: 86
1 < ETag: W/"56-oTSiyJGDBPnCFnJ7F1Lk7UoOsOA"
1 < Date: Wed, 04 Sep 2024 22:02:18 GMT
1 < Connection: keep-alive
1 < Keep-Alive: timeout=5
{"nombre":"cebolla","precio":22,"cantidad":2,"_id":"66d8d8ea586fd6b80dec26b4","__v":0}

17:02:18.259 [pool-1-thread-2] INFO  c.intuit.karate.core.FeatureRuntime - classpath:users/put/../post/user_post_snippets.feature - call by tag at line 5: Create
17:02:18.265 [pool-1-thread-2] DEBUG com.intuit.karate - request:
1 > POST http://localhost:3000/productos
1 > Content-Type: application/json; charset=UTF-8
1 > Content-Length: 50
1 > Host: localhost:3000
1 > Connection: Keep-Alive
1 > User-Agent: Apache-HttpClient/4.5.13 (Java/1.8.0_231)
1 > Accept-Encoding: gzip,deflate
{"nombre":"tomate","precio":"1233","cantidad":"3"}

17:02:18.308 [pool-1-thread-3] DEBUG com.intuit.karate - response time in milliseconds: 80
1 < 201
1 < X-Powered-By: Express
1 < Content-Type: application/json; charset=utf-8
1 < Content-Length: 82
1 < ETag: W/"52-SioHdjHP1MUETqaNKEq2JCEg1hw"
1 < Date: Wed, 04 Sep 2024 22:02:18 GMT
1 < Connection: keep-alive
1 < Keep-Alive: timeout=5
{"nombre":"ajo","precio":22,"cantidad":2,"_id":"66d8d8ea586fd6b80dec26b6","__v":0}

17:02:18.316 [pool-1-thread-1] DEBUG com.intuit.karate - response time in milliseconds: 67
1 < 204
1 < X-Powered-By: Express
1 < Date: Wed, 04 Sep 2024 22:02:18 GMT
1 < Connection: keep-alive
1 < Keep-Alive: timeout=5


17:02:18.317 [pool-1-thread-2] DEBUG com.intuit.karate - response time in milliseconds: 51
1 < 201
1 < X-Powered-By: Express
1 < Content-Type: application/json; charset=utf-8
1 < Content-Length: 87
1 < ETag: W/"57-LhsY2jY8AUQAK8W95oBHpldO3/U"
1 < Date: Wed, 04 Sep 2024 22:02:18 GMT
1 < Connection: keep-alive
1 < Keep-Alive: timeout=5
{"nombre":"tomate","precio":1233,"cantidad":3,"_id":"66d8d8ea586fd6b80dec26b9","__v":0}

17:02:18.321 [pool-1-thread-2] DEBUG com.intuit.karate - request:
1 > PUT http://localhost:3000/productos/66d8d8ea586fd6b80dec26b9
1 > Content-Type: application/json; charset=UTF-8
1 > Content-Length: 62
1 > Host: localhost:3000
1 > Connection: Keep-Alive
1 > User-Agent: Apache-HttpClient/4.5.13 (Java/1.8.0_231)
1 > Accept-Encoding: gzip,deflate
{"nombre":"tomate actualizado","precio":"1233","cantidad":"3"}

17:02:18.325 [pool-1-thread-2] DEBUG com.intuit.karate - response time in milliseconds: 4
1 < 200
1 < X-Powered-By: Express
1 < Content-Type: application/json; charset=utf-8
1 < Content-Length: 99
1 < ETag: W/"63-fV9VDyKGmVDO0XDvEo394vVbnU4"
1 < Date: Wed, 04 Sep 2024 22:02:18 GMT
1 < Connection: keep-alive
1 < Keep-Alive: timeout=5
{"_id":"66d8d8ea586fd6b80dec26b9","nombre":"tomate actualizado","precio":1233,"cantidad":3,"__v":0}

---------------------------------------------------------
feature: classpath:users/delete/user-delete.feature
scenarios:  1 | passed:  1 | failed:  0 | time: 0.7232
---------------------------------------------------------

17:02:19.498 [pool-2-thread-1] INFO  com.intuit.karate.Suite - <<pass>> feature 1 of 5 (4 remaining) classpath:users/delete/user-delete.feature
---------------------------------------------------------
feature: classpath:users/get/user-get.feature
scenarios:  2 | passed:  2 | failed:  0 | time: 1.2241
---------------------------------------------------------

17:02:19.544 [pool-2-thread-1] INFO  com.intuit.karate.Suite - <<pass>> feature 2 of 5 (3 remaining) classpath:users/get/user-get.feature
---------------------------------------------------------
feature: classpath:users/post/user-post.feature
scenarios:  4 | passed:  4 | failed:  0 | time: 0.7518
---------------------------------------------------------

17:02:19.609 [pool-2-thread-1] INFO  com.intuit.karate.Suite - <<pass>> feature 3 of 5 (2 remaining) classpath:users/post/user-post.feature
---------------------------------------------------------
feature: classpath:users/put/user-put.feature
scenarios:  1 | passed:  1 | failed:  0 | time: 0.0915
---------------------------------------------------------

17:02:19.651 [pool-2-thread-1] INFO  com.intuit.karate.Suite - <<pass>> feature 5 of 5 (0 remaining) classpath:users/put/user-put.feature
Karate version: 1.3.0
======================================================
elapsed:   6.63 | threads:    4 | thread time: 2.79 
features:     4 | skipped:    1 | efficiency: 0.11
scenarios:    8 | passed:     8 | failed: 0
======================================================

HTML report: (paste into browser to view) | Karate version: 1.3.0
file:///D:/ProductProject/KarateTest/build/karate-reports/karate-summary.html
===================================================================

]]></system-out>
  <system-err><![CDATA[sep 04, 2024 5:02:20 PM net.masterthought.cucumber.ReportParser parseJsonFiles
INFORMACIÓN: File 'D:\ProductProject\KarateTest\build\karate-reports\users.delete.user-delete.json' contains 1 features
sep 04, 2024 5:02:20 PM net.masterthought.cucumber.ReportParser parseJsonFiles
INFORMACIÓN: File 'D:\ProductProject\KarateTest\build\karate-reports\users.get.user-get.json' contains 1 features
sep 04, 2024 5:02:20 PM net.masterthought.cucumber.ReportParser parseJsonFiles
INFORMACIÓN: File 'D:\ProductProject\KarateTest\build\karate-reports\users.post.user-post.json' contains 1 features
sep 04, 2024 5:02:20 PM net.masterthought.cucumber.ReportParser parseJsonFiles
INFORMACIÓN: File 'D:\ProductProject\KarateTest\build\karate-reports\users.put.user-put.json' contains 1 features
]]></system-err>
</testsuite>
